<?xml version="1.0" encoding="UTF-8"?>
<!-- Generated by org.testng.reporters.JUnitReportReporter -->
<testsuite hostname="Waraich" failures="0" tests="1" name="browserStack.TestCase1" time="26.616" errors="0" timestamp="2024-02-09T16:29:58 IST" skipped="0">
  <testcase classname="browserStack.TestCase1" name="verifyLogin" time="26.616"/>
</testsuite> <!-- browserStack.TestCase1 -->
